[GIN-debug] [WARNING] Creating an Engine instance with the Logger and Recovery middleware already attached.

[GIN-debug] [WARNING] Running in "debug" mode. Switch to "release" mode in production.
 - using env:	export GIN_MODE=release
 - using code:	gin.SetMode(gin.ReleaseMode)

[GIN-debug] POST   /v1/cards/                --> api-gateway/controller/v1.CardController.Create-fm (3 handlers)
[GIN-debug] GET    /v1/cards/:id             --> api-gateway/controller/v1.CardController.GetByID-fm (3 handlers)
[GIN-debug] GET    /v1/cards/                --> api-gateway/controller/v1.CardController.GetAll-fm (3 handlers)
[GIN-debug] POST   /v1/cards/link            --> api-gateway/controller/v1.CardController.Link-fm (3 handlers)
[GIN-debug] POST   /v1/wallets/              --> api-gateway/controller/v1.WalletController.Create-fm (3 handlers)
[GIN-debug] GET    /v1/wallets/              --> api-gateway/controller/v1.WalletController.GetAll-fm (3 handlers)
[GIN-debug] GET    /v1/wallets/user/:id      --> api-gateway/controller/v1.WalletController.GetByAccountNumber-fm (3 handlers)
[GIN-debug] GET    /v1/wallets/:id           --> api-gateway/controller/v1.WalletController.GetByID-fm (3 handlers)
[GIN-debug] POST   /v1/users/                --> api-gateway/controller/v1.UserController.Register-fm (3 handlers)
[GIN-debug] GET    /v1/users/                --> api-gateway/controller/v1.UserController.GetAll-fm (3 handlers)
[GIN-debug] POST   /v1/transactions/         --> api-gateway/controller/v1.TransactionController.Create-fm (3 handlers)
[GIN-debug] POST   /v1/transactions/purchase --> api-gateway/controller/v1.TransactionController.Purchase-fm (3 handlers)
[GIN-debug] POST   /v1/transactions/topup    --> api-gateway/controller/v1.TransactionController.Topup-fm (3 handlers)
2021/11/05 18:41:17 Server is listening on port: %!(EXTRA int=9080)
2021/11/05 18:41:17 Error: listen tcp :9080: bind: address already in use
[GIN-debug] [WARNING] Creating an Engine instance with the Logger and Recovery middleware already attached.

[GIN-debug] [WARNING] Running in "debug" mode. Switch to "release" mode in production.
 - using env:	export GIN_MODE=release
 - using code:	gin.SetMode(gin.ReleaseMode)

[GIN-debug] POST   /v1/cards/                --> api-gateway/controller/v1.CardController.Create-fm (3 handlers)
[GIN-debug] GET    /v1/cards/:id             --> api-gateway/controller/v1.CardController.GetByID-fm (3 handlers)
[GIN-debug] GET    /v1/cards/                --> api-gateway/controller/v1.CardController.GetAll-fm (3 handlers)
[GIN-debug] POST   /v1/cards/link            --> api-gateway/controller/v1.CardController.Link-fm (3 handlers)
[GIN-debug] POST   /v1/wallets/              --> api-gateway/controller/v1.WalletController.Create-fm (3 handlers)
[GIN-debug] GET    /v1/wallets/              --> api-gateway/controller/v1.WalletController.GetAll-fm (3 handlers)
[GIN-debug] GET    /v1/wallets/user/:id      --> api-gateway/controller/v1.WalletController.GetByAccountNumber-fm (3 handlers)
[GIN-debug] GET    /v1/wallets/:id           --> api-gateway/controller/v1.WalletController.GetByID-fm (3 handlers)
[GIN-debug] POST   /v1/users/                --> api-gateway/controller/v1.UserController.Register-fm (3 handlers)
[GIN-debug] GET    /v1/users/                --> api-gateway/controller/v1.UserController.GetAll-fm (3 handlers)
[GIN-debug] POST   /v1/transactions/         --> api-gateway/controller/v1.TransactionController.Create-fm (3 handlers)
[GIN-debug] POST   /v1/transactions/purchase --> api-gateway/controller/v1.TransactionController.Purchase-fm (3 handlers)
[GIN-debug] POST   /v1/transactions/topup    --> api-gateway/controller/v1.TransactionController.Topup-fm (3 handlers)
2021/11/05 18:42:43 Server is listening on port: %!(EXTRA int=9080)
[GIN-debug] redirecting request 307: /v1/users/ --> /v1/users/
[GIN] 2021/11/05 - 18:42:47 | 400 |     676.067µs |             ::1 | POST     "/v1/users/"
[GIN-debug] [WARNING] Creating an Engine instance with the Logger and Recovery middleware already attached.

[GIN-debug] [WARNING] Running in "debug" mode. Switch to "release" mode in production.
 - using env:	export GIN_MODE=release
 - using code:	gin.SetMode(gin.ReleaseMode)

[GIN-debug] POST   /v1/cards/                --> api-gateway/controller/v1.CardController.Create-fm (3 handlers)
[GIN-debug] GET    /v1/cards/:id             --> api-gateway/controller/v1.CardController.GetByID-fm (3 handlers)
[GIN-debug] GET    /v1/cards/                --> api-gateway/controller/v1.CardController.GetAll-fm (3 handlers)
[GIN-debug] POST   /v1/cards/link            --> api-gateway/controller/v1.CardController.Link-fm (3 handlers)
[GIN-debug] POST   /v1/wallets/              --> api-gateway/controller/v1.WalletController.Create-fm (3 handlers)
[GIN-debug] GET    /v1/wallets/              --> api-gateway/controller/v1.WalletController.GetAll-fm (3 handlers)
[GIN-debug] GET    /v1/wallets/user/:id      --> api-gateway/controller/v1.WalletController.GetByAccountNumber-fm (3 handlers)
[GIN-debug] GET    /v1/wallets/:id           --> api-gateway/controller/v1.WalletController.GetByID-fm (3 handlers)
[GIN-debug] POST   /v1/users/                --> api-gateway/controller/v1.UserController.Register-fm (3 handlers)
[GIN-debug] GET    /v1/users/                --> api-gateway/controller/v1.UserController.GetAll-fm (3 handlers)
[GIN-debug] POST   /v1/transactions/         --> api-gateway/controller/v1.TransactionController.Create-fm (3 handlers)
[GIN-debug] POST   /v1/transactions/purchase --> api-gateway/controller/v1.TransactionController.Purchase-fm (3 handlers)
[GIN-debug] POST   /v1/transactions/topup    --> api-gateway/controller/v1.TransactionController.Topup-fm (3 handlers)
2021/11/05 18:48:40 Server is listening on port: %!(EXTRA int=9080)
[GIN-debug] redirecting request 307: /v1/users/ --> /v1/users/
[GIN] 2021/11/05 - 18:48:44 | 200 |   74.290227ms |             ::1 | POST     "/v1/users/"
[GIN] 2021/11/05 - 18:48:51 | 200 |   15.918975ms |             ::1 | GET      "/v1/wallets/user/08121234567"
[GIN-debug] redirecting request 307: /v1/wallets/ --> /v1/wallets/
[GIN] 2021/11/05 - 18:49:01 | 200 |   34.571762ms |             ::1 | POST     "/v1/wallets/"
[GIN] 2021/11/05 - 18:49:04 | 200 |    11.47859ms |             ::1 | GET      "/v1/wallets/user/08121234567"
[GIN-debug] redirecting request 301: /v1/cards/ --> /v1/cards/
[GIN] 2021/11/05 - 19:09:49 | 400 |     752.854µs |             ::1 | GET      "/v1/cards/"
[GIN-debug] redirecting request 307: /v1/cards/ --> /v1/cards/
[GIN] 2021/11/05 - 19:09:56 | 400 |    2.814298ms |             ::1 | POST     "/v1/cards/"
[GIN-debug] redirecting request 301: /v1/cards/ --> /v1/cards/
[GIN] 2021/11/05 - 19:19:51 | 200 |   41.810943ms |             ::1 | GET      "/v1/cards/"
[GIN-debug] redirecting request 307: /v1/cards/ --> /v1/cards/
[GIN] 2021/11/05 - 19:19:54 | 200 |   35.255951ms |             ::1 | POST     "/v1/cards/"
